<?xml version="1.0" encoding="UTF-8"?>
<testsuite name="nl.tudelft.sem.template.authentication.domain.user.RegistrationServiceTests" tests="2" skipped="0" failures="0" errors="0" timestamp="2022-12-13T10:32:19" hostname="DESKTOP-02MT1RU" time="2.388">
  <properties/>
  <testcase name="createUser_withExistingUser_throwsException()" classname="nl.tudelft.sem.template.authentication.domain.user.RegistrationServiceTests" time="1.224"/>
  <testcase name="createUser_withValidData_worksCorrectly()" classname="nl.tudelft.sem.template.authentication.domain.user.RegistrationServiceTests" time="1.164"/>
  <system-out><![CDATA[2022-12-13 11:32:19.105  INFO 13936 --- [    Test worker] .b.t.c.SpringBootTestContextBootstrapper : Neither @ContextConfiguration nor @ContextHierarchy found for test class [nl.tudelft.sem.template.authentication.domain.user.RegistrationServiceTests], using SpringBootContextLoader
2022-12-13 11:32:19.107  INFO 13936 --- [    Test worker] o.s.t.c.support.AbstractContextLoader    : Could not detect default resource locations for test class [nl.tudelft.sem.template.authentication.domain.user.RegistrationServiceTests]: no resource found for suffixes {-context.xml, Context.groovy}.
2022-12-13 11:32:19.107  INFO 13936 --- [    Test worker] t.c.s.AnnotationConfigContextLoaderUtils : Could not detect default configuration classes for test class [nl.tudelft.sem.template.authentication.domain.user.RegistrationServiceTests]: RegistrationServiceTests does not declare any static, non-private, non-final, nested classes annotated with @Configuration.
2022-12-13 11:32:19.124  INFO 13936 --- [    Test worker] .b.t.c.SpringBootTestContextBootstrapper : Found @SpringBootConfiguration nl.tudelft.sem.template.authentication.Application for test class nl.tudelft.sem.template.authentication.domain.user.RegistrationServiceTests
2022-12-13 11:32:19.126  INFO 13936 --- [    Test worker] .b.t.c.SpringBootTestContextBootstrapper : Loaded default TestExecutionListener class names from location [META-INF/spring.factories]: [org.springframework.boot.test.autoconfigure.restdocs.RestDocsTestExecutionListener, org.springframework.boot.test.autoconfigure.web.client.MockRestServiceServerResetTestExecutionListener, org.springframework.boot.test.autoconfigure.web.servlet.MockMvcPrintOnlyOnFailureTestExecutionListener, org.springframework.boot.test.autoconfigure.web.servlet.WebDriverTestExecutionListener, org.springframework.boot.test.autoconfigure.webservices.client.MockWebServiceServerTestExecutionListener, org.springframework.boot.test.mock.mockito.MockitoTestExecutionListener, org.springframework.boot.test.mock.mockito.ResetMocksTestExecutionListener, org.springframework.test.context.web.ServletTestExecutionListener, org.springframework.test.context.support.DirtiesContextBeforeModesTestExecutionListener, org.springframework.test.context.support.DependencyInjectionTestExecutionListener, org.springframework.test.context.support.DirtiesContextTestExecutionListener, org.springframework.test.context.transaction.TransactionalTestExecutionListener, org.springframework.test.context.jdbc.SqlScriptsTestExecutionListener, org.springframework.test.context.event.EventPublishingTestExecutionListener]
2022-12-13 11:32:19.127  INFO 13936 --- [    Test worker] .b.t.c.SpringBootTestContextBootstrapper : Using TestExecutionListeners: [org.springframework.test.context.web.ServletTestExecutionListener@4a577b99, org.springframework.test.context.support.DirtiesContextBeforeModesTestExecutionListener@440309c5, org.springframework.boot.test.mock.mockito.MockitoTestExecutionListener@50c442a5, org.springframework.boot.test.autoconfigure.SpringBootDependencyInjectionTestExecutionListener@4eb313ed, org.springframework.test.context.support.DirtiesContextTestExecutionListener@3fc92211, org.springframework.test.context.transaction.TransactionalTestExecutionListener@63d8590c, org.springframework.test.context.jdbc.SqlScriptsTestExecutionListener@117bfeb8, org.springframework.test.context.event.EventPublishingTestExecutionListener@4781bb01, org.springframework.boot.test.autoconfigure.restdocs.RestDocsTestExecutionListener@31aec04a, org.springframework.boot.test.autoconfigure.web.client.MockRestServiceServerResetTestExecutionListener@109fff4a, org.springframework.boot.test.autoconfigure.web.servlet.MockMvcPrintOnlyOnFailureTestExecutionListener@5e5f5ddf, org.springframework.boot.test.autoconfigure.web.servlet.WebDriverTestExecutionListener@144caca6, org.springframework.boot.test.autoconfigure.webservices.client.MockWebServiceServerTestExecutionListener@532782f5, org.springframework.boot.test.mock.mockito.ResetMocksTestExecutionListener@3c2d4274]
2022-12-13 11:32:19.132  INFO 13936 --- [    Test worker] o.s.s.concurrent.ThreadPoolTaskExecutor  : Shutting down ExecutorService 'applicationTaskExecutor'
2022-12-13 11:32:19.133  INFO 13936 --- [    Test worker] j.LocalContainerEntityManagerFactoryBean : Closing JPA EntityManagerFactory for persistence unit 'default'
2022-12-13 11:32:19.133  INFO 13936 --- [    Test worker] .SchemaDropperImpl$DelayedDropActionImpl : HHH000477: Starting delayed evictData of schema as part of SessionFactory shut-down'

  .   ____          _            __ _ _
 /\\ / ___'_ __ _ _(_)_ __  __ _ \ \ \ \
( ( )\___ | '_ | '_| | '_ \/ _` | \ \ \ \
 \\/  ___)| |_)| | | | | || (_| |  ) ) ) )
  '  |____| .__|_| |_|_| |_\__, | / / / /
 =========|_|==============|___/=/_/_/_/
 :: Spring Boot ::        (v2.3.5.RELEASE)

2022-12-13 11:32:19.212  INFO 13936 --- [    Test worker] n.t.s.t.a.d.u.RegistrationServiceTests   : Starting RegistrationServiceTests on DESKTOP-02MT1RU with PID 13936 (started by Mihai Apolzan in C:\tudelft\SEM\Rowing-Project\FinalVersion\SEM34c\authentication-microservice)
2022-12-13 11:32:19.212  INFO 13936 --- [    Test worker] n.t.s.t.a.d.u.RegistrationServiceTests   : The following profiles are active: mockPasswordEncoder,test
2022-12-13 11:32:19.405  INFO 13936 --- [    Test worker] .s.d.r.c.RepositoryConfigurationDelegate : Bootstrapping Spring Data JPA repositories in DEFAULT mode.
2022-12-13 11:32:19.426  INFO 13936 --- [    Test worker] .s.d.r.c.RepositoryConfigurationDelegate : Finished Spring Data repository scanning in 19ms. Found 1 JPA repository interfaces.
2022-12-13 11:32:19.598  INFO 13936 --- [    Test worker] o.hibernate.jpa.internal.util.LogHelper  : HHH000204: Processing PersistenceUnitInfo [name: default]
2022-12-13 11:32:19.611  INFO 13936 --- [    Test worker] org.hibernate.dialect.Dialect            : HHH000400: Using dialect: org.hibernate.dialect.H2Dialect
2022-12-13 11:32:19.642  INFO 13936 --- [    Test worker] o.h.e.t.j.p.i.JtaPlatformInitiator       : HHH000490: Using JtaPlatform implementation: [org.hibernate.engine.transaction.jta.platform.internal.NoJtaPlatform]
2022-12-13 11:32:19.642  INFO 13936 --- [    Test worker] j.LocalContainerEntityManagerFactoryBean : Initialized JPA EntityManagerFactory for persistence unit 'default'
2022-12-13 11:32:19.752  WARN 13936 --- [    Test worker] JpaBaseConfiguration$JpaWebConfiguration : spring.jpa.open-in-view is enabled by default. Therefore, database queries may be performed during view rendering. Explicitly configure spring.jpa.open-in-view to disable this warning
2022-12-13 11:32:19.965  INFO 13936 --- [    Test worker] o.s.s.concurrent.ThreadPoolTaskExecutor  : Initializing ExecutorService 'applicationTaskExecutor'
2022-12-13 11:32:19.981  INFO 13936 --- [    Test worker] o.s.b.a.h2.H2ConsoleAutoConfiguration    : H2 console available at '/h2-console'. Database available at 'jdbc:h2:mem:myDb'
2022-12-13 11:32:20.285  INFO 13936 --- [    Test worker] o.s.s.web.DefaultSecurityFilterChain     : Creating filter chain: any request, [org.springframework.security.web.context.request.async.WebAsyncManagerIntegrationFilter@264f18fe, org.springframework.security.web.context.SecurityContextPersistenceFilter@33903444, org.springframework.security.web.header.HeaderWriterFilter@16a83016, org.springframework.security.web.authentication.logout.LogoutFilter@16488ed7, org.springframework.security.web.savedrequest.RequestCacheAwareFilter@6149adee, org.springframework.security.web.servletapi.SecurityContextHolderAwareRequestFilter@36361951, org.springframework.security.web.authentication.AnonymousAuthenticationFilter@5a66fc27, org.springframework.security.web.session.SessionManagementFilter@592efd6, org.springframework.security.web.access.ExceptionTranslationFilter@1da9f44c, org.springframework.security.web.access.intercept.FilterSecurityInterceptor@f9d7d3f]
2022-12-13 11:32:20.331  INFO 13936 --- [    Test worker] n.t.s.t.a.d.u.RegistrationServiceTests   : Started RegistrationServiceTests in 1.194 seconds (JVM running for 12.068)
Account (SomeUser) was created.
2022-12-13 11:32:20.357  INFO 13936 --- [    Test worker] o.s.s.concurrent.ThreadPoolTaskExecutor  : Shutting down ExecutorService 'applicationTaskExecutor'
2022-12-13 11:32:20.357  INFO 13936 --- [    Test worker] j.LocalContainerEntityManagerFactoryBean : Closing JPA EntityManagerFactory for persistence unit 'default'
2022-12-13 11:32:20.357  INFO 13936 --- [    Test worker] .SchemaDropperImpl$DelayedDropActionImpl : HHH000477: Starting delayed evictData of schema as part of SessionFactory shut-down'

  .   ____          _            __ _ _
 /\\ / ___'_ __ _ _(_)_ __  __ _ \ \ \ \
( ( )\___ | '_ | '_| | '_ \/ _` | \ \ \ \
 \\/  ___)| |_)| | | | | || (_| |  ) ) ) )
  '  |____| .__|_| |_|_| |_\__, | / / / /
 =========|_|==============|___/=/_/_/_/
 :: Spring Boot ::        (v2.3.5.RELEASE)

2022-12-13 11:32:20.432  INFO 13936 --- [    Test worker] n.t.s.t.a.d.u.RegistrationServiceTests   : Starting RegistrationServiceTests on DESKTOP-02MT1RU with PID 13936 (started by Mihai Apolzan in C:\tudelft\SEM\Rowing-Project\FinalVersion\SEM34c\authentication-microservice)
2022-12-13 11:32:20.432  INFO 13936 --- [    Test worker] n.t.s.t.a.d.u.RegistrationServiceTests   : The following profiles are active: mockPasswordEncoder,test
2022-12-13 11:32:20.611  INFO 13936 --- [    Test worker] .s.d.r.c.RepositoryConfigurationDelegate : Bootstrapping Spring Data JPA repositories in DEFAULT mode.
2022-12-13 11:32:20.631  INFO 13936 --- [    Test worker] .s.d.r.c.RepositoryConfigurationDelegate : Finished Spring Data repository scanning in 19ms. Found 1 JPA repository interfaces.
2022-12-13 11:32:20.792  INFO 13936 --- [    Test worker] o.hibernate.jpa.internal.util.LogHelper  : HHH000204: Processing PersistenceUnitInfo [name: default]
2022-12-13 11:32:20.804  INFO 13936 --- [    Test worker] org.hibernate.dialect.Dialect            : HHH000400: Using dialect: org.hibernate.dialect.H2Dialect
2022-12-13 11:32:20.833  INFO 13936 --- [    Test worker] o.h.e.t.j.p.i.JtaPlatformInitiator       : HHH000490: Using JtaPlatform implementation: [org.hibernate.engine.transaction.jta.platform.internal.NoJtaPlatform]
2022-12-13 11:32:20.833  INFO 13936 --- [    Test worker] j.LocalContainerEntityManagerFactoryBean : Initialized JPA EntityManagerFactory for persistence unit 'default'
2022-12-13 11:32:20.929  WARN 13936 --- [    Test worker] JpaBaseConfiguration$JpaWebConfiguration : spring.jpa.open-in-view is enabled by default. Therefore, database queries may be performed during view rendering. Explicitly configure spring.jpa.open-in-view to disable this warning
2022-12-13 11:32:21.122  INFO 13936 --- [    Test worker] o.s.s.concurrent.ThreadPoolTaskExecutor  : Initializing ExecutorService 'applicationTaskExecutor'
2022-12-13 11:32:21.138  INFO 13936 --- [    Test worker] o.s.b.a.h2.H2ConsoleAutoConfiguration    : H2 console available at '/h2-console'. Database available at 'jdbc:h2:mem:myDb'
2022-12-13 11:32:21.444  INFO 13936 --- [    Test worker] o.s.s.web.DefaultSecurityFilterChain     : Creating filter chain: any request, [org.springframework.security.web.context.request.async.WebAsyncManagerIntegrationFilter@3f7d20c5, org.springframework.security.web.context.SecurityContextPersistenceFilter@4e9b66ab, org.springframework.security.web.header.HeaderWriterFilter@6232cde5, org.springframework.security.web.authentication.logout.LogoutFilter@579b1d86, org.springframework.security.web.savedrequest.RequestCacheAwareFilter@532b3244, org.springframework.security.web.servletapi.SecurityContextHolderAwareRequestFilter@27828021, org.springframework.security.web.authentication.AnonymousAuthenticationFilter@142f0ac1, org.springframework.security.web.session.SessionManagementFilter@4b75d640, org.springframework.security.web.access.ExceptionTranslationFilter@412b90cc, org.springframework.security.web.access.intercept.FilterSecurityInterceptor@27acd9a7]
2022-12-13 11:32:21.495  INFO 13936 --- [    Test worker] n.t.s.t.a.d.u.RegistrationServiceTests   : Started RegistrationServiceTests in 1.135 seconds (JVM running for 13.232)
Account (SomeUser) was created.
]]></system-out>
  <system-err><![CDATA[]]></system-err>
</testsuite>
