<?xml version="1.0" encoding="UTF-8"?>
<testsuite name="nl.tudelft.sem.template.authentication.authentication.JwtTokenGeneratorTests" tests="3" skipped="0" failures="0" errors="0" timestamp="2022-12-12T15:09:32" hostname="DESKTOP-02MT1RU" time="1.002">
  <properties/>
  <testcase name="generatedTokenHasCorrectNetId()" classname="nl.tudelft.sem.template.authentication.authentication.JwtTokenGeneratorTests" time="0.991"/>
  <testcase name="generatedTokenHasCorrectExpirationDate()" classname="nl.tudelft.sem.template.authentication.authentication.JwtTokenGeneratorTests" time="0.006"/>
  <testcase name="generatedTokenHasCorrectIssuanceDate()" classname="nl.tudelft.sem.template.authentication.authentication.JwtTokenGeneratorTests" time="0.003"/>
  <system-out><![CDATA[]]></system-out>
  <system-err><![CDATA[]]></system-err>
</testsuite>
