<?xml version="1.0" encoding="UTF-8"?>
<testsuite name="nl.tudelft.sem.template.authentication.authentication.JwtUserDetailsServiceTests" tests="2" skipped="0" failures="0" errors="0" timestamp="2022-12-12T15:09:38" hostname="DESKTOP-02MT1RU" time="3.098">
  <properties/>
  <testcase name="loadUserByUsername_withNonexistentUser_throwsException()" classname="nl.tudelft.sem.template.authentication.authentication.JwtUserDetailsServiceTests" time="1.718"/>
  <testcase name="loadUserByUsername_withValidUser_returnsCorrectUser()" classname="nl.tudelft.sem.template.authentication.authentication.JwtUserDetailsServiceTests" time="1.379"/>
  <system-out><![CDATA[16:09:33.260 [Test worker] DEBUG org.springframework.test.context.BootstrapUtils - Instantiating CacheAwareContextLoaderDelegate from class [org.springframework.test.context.cache.DefaultCacheAwareContextLoaderDelegate]
16:09:33.286 [Test worker] DEBUG org.springframework.test.context.BootstrapUtils - Instantiating BootstrapContext using constructor [public org.springframework.test.context.support.DefaultBootstrapContext(java.lang.Class,org.springframework.test.context.CacheAwareContextLoaderDelegate)]
16:09:33.324 [Test worker] DEBUG org.springframework.test.context.BootstrapUtils - Instantiating TestContextBootstrapper for test class [nl.tudelft.sem.template.authentication.authentication.JwtUserDetailsServiceTests] from class [org.springframework.boot.test.context.SpringBootTestContextBootstrapper]
16:09:33.344 [Test worker] INFO org.springframework.boot.test.context.SpringBootTestContextBootstrapper - Neither @ContextConfiguration nor @ContextHierarchy found for test class [nl.tudelft.sem.template.authentication.authentication.JwtUserDetailsServiceTests], using SpringBootContextLoader
16:09:33.350 [Test worker] DEBUG org.springframework.test.context.support.AbstractContextLoader - Did not detect default resource location for test class [nl.tudelft.sem.template.authentication.authentication.JwtUserDetailsServiceTests]: class path resource [nl/tudelft/sem/template/authentication/authentication/JwtUserDetailsServiceTests-context.xml] does not exist
16:09:33.351 [Test worker] DEBUG org.springframework.test.context.support.AbstractContextLoader - Did not detect default resource location for test class [nl.tudelft.sem.template.authentication.authentication.JwtUserDetailsServiceTests]: class path resource [nl/tudelft/sem/template/authentication/authentication/JwtUserDetailsServiceTestsContext.groovy] does not exist
16:09:33.351 [Test worker] INFO org.springframework.test.context.support.AbstractContextLoader - Could not detect default resource locations for test class [nl.tudelft.sem.template.authentication.authentication.JwtUserDetailsServiceTests]: no resource found for suffixes {-context.xml, Context.groovy}.
16:09:33.352 [Test worker] INFO org.springframework.test.context.support.AnnotationConfigContextLoaderUtils - Could not detect default configuration classes for test class [nl.tudelft.sem.template.authentication.authentication.JwtUserDetailsServiceTests]: JwtUserDetailsServiceTests does not declare any static, non-private, non-final, nested classes annotated with @Configuration.
16:09:33.476 [Test worker] DEBUG org.springframework.context.annotation.ClassPathScanningCandidateComponentProvider - Identified candidate component class: file [C:\tudelft\SEM\Rowing-Project\FinalVersion\SEM34c\authentication-microservice\build\classes\java\main\nl\tudelft\sem\template\authentication\Application.class]
16:09:33.478 [Test worker] INFO org.springframework.boot.test.context.SpringBootTestContextBootstrapper - Found @SpringBootConfiguration nl.tudelft.sem.template.authentication.Application for test class nl.tudelft.sem.template.authentication.authentication.JwtUserDetailsServiceTests
16:09:33.595 [Test worker] DEBUG org.springframework.boot.test.context.SpringBootTestContextBootstrapper - @TestExecutionListeners is not present for class [nl.tudelft.sem.template.authentication.authentication.JwtUserDetailsServiceTests]: using defaults.
16:09:33.596 [Test worker] INFO org.springframework.boot.test.context.SpringBootTestContextBootstrapper - Loaded default TestExecutionListener class names from location [META-INF/spring.factories]: [org.springframework.boot.test.autoconfigure.restdocs.RestDocsTestExecutionListener, org.springframework.boot.test.autoconfigure.web.client.MockRestServiceServerResetTestExecutionListener, org.springframework.boot.test.autoconfigure.web.servlet.MockMvcPrintOnlyOnFailureTestExecutionListener, org.springframework.boot.test.autoconfigure.web.servlet.WebDriverTestExecutionListener, org.springframework.boot.test.autoconfigure.webservices.client.MockWebServiceServerTestExecutionListener, org.springframework.boot.test.mock.mockito.MockitoTestExecutionListener, org.springframework.boot.test.mock.mockito.ResetMocksTestExecutionListener, org.springframework.test.context.web.ServletTestExecutionListener, org.springframework.test.context.support.DirtiesContextBeforeModesTestExecutionListener, org.springframework.test.context.support.DependencyInjectionTestExecutionListener, org.springframework.test.context.support.DirtiesContextTestExecutionListener, org.springframework.test.context.transaction.TransactionalTestExecutionListener, org.springframework.test.context.jdbc.SqlScriptsTestExecutionListener, org.springframework.test.context.event.EventPublishingTestExecutionListener]
16:09:33.615 [Test worker] INFO org.springframework.boot.test.context.SpringBootTestContextBootstrapper - Using TestExecutionListeners: [org.springframework.test.context.web.ServletTestExecutionListener@58867cd5, org.springframework.test.context.support.DirtiesContextBeforeModesTestExecutionListener@40e32762, org.springframework.boot.test.mock.mockito.MockitoTestExecutionListener@5a8ab2, org.springframework.boot.test.autoconfigure.SpringBootDependencyInjectionTestExecutionListener@3f50b680, org.springframework.test.context.support.DirtiesContextTestExecutionListener@54db056b, org.springframework.test.context.transaction.TransactionalTestExecutionListener@d5af0a5, org.springframework.test.context.jdbc.SqlScriptsTestExecutionListener@5981f4a6, org.springframework.test.context.event.EventPublishingTestExecutionListener@63dfada0, org.springframework.boot.test.autoconfigure.restdocs.RestDocsTestExecutionListener@6f231ced, org.springframework.boot.test.autoconfigure.web.client.MockRestServiceServerResetTestExecutionListener@35a60674, org.springframework.boot.test.autoconfigure.web.servlet.MockMvcPrintOnlyOnFailureTestExecutionListener@63d4f0a2, org.springframework.boot.test.autoconfigure.web.servlet.WebDriverTestExecutionListener@7d78f3d5, org.springframework.boot.test.autoconfigure.webservices.client.MockWebServiceServerTestExecutionListener@a4b5ce3, org.springframework.boot.test.mock.mockito.ResetMocksTestExecutionListener@f5b6e78]
16:09:33.619 [Test worker] DEBUG org.springframework.test.context.support.AbstractDirtiesContextTestExecutionListener - Before test class: context [DefaultTestContext@376c7d7d testClass = JwtUserDetailsServiceTests, testInstance = [null], testMethod = [null], testException = [null], mergedContextConfiguration = [WebMergedContextConfiguration@4784efd9 testClass = JwtUserDetailsServiceTests, locations = '{}', classes = '{class nl.tudelft.sem.template.authentication.Application}', contextInitializerClasses = '[]', activeProfiles = '{mockPasswordEncoder, test}', propertySourceLocations = '{}', propertySourceProperties = '{org.springframework.boot.test.context.SpringBootTestContextBootstrapper=true}', contextCustomizers = set[org.springframework.boot.test.autoconfigure.properties.PropertyMappingContextCustomizer@0, org.springframework.boot.test.autoconfigure.web.servlet.WebDriverContextCustomizerFactory$Customizer@13275d8, org.springframework.boot.test.context.filter.ExcludeFilterContextCustomizer@a7ad6e5, org.springframework.boot.test.json.DuplicateJsonObjectContextCustomizerFactory$DuplicateJsonObjectContextCustomizer@1bc776b7, org.springframework.boot.test.mock.mockito.MockitoContextCustomizer@0, org.springframework.boot.test.web.client.TestRestTemplateContextCustomizer@684b31de, org.springframework.boot.test.context.SpringBootTestArgs@1, org.springframework.boot.test.context.SpringBootTestWebEnvironment@65987993], resourceBasePath = 'src/main/webapp', contextLoader = 'org.springframework.boot.test.context.SpringBootContextLoader', parent = [null]], attributes = map['org.springframework.test.context.web.ServletTestExecutionListener.activateListener' -> true]], class annotated with @DirtiesContext [true] with mode [BEFORE_EACH_TEST_METHOD].
16:09:33.649 [Test worker] DEBUG org.springframework.core.env.StandardEnvironment - Activating profiles [mockPasswordEncoder, test]
16:09:33.653 [Test worker] DEBUG org.springframework.test.context.support.TestPropertySourceUtils - Adding inlined properties to environment: {spring.jmx.enabled=false, org.springframework.boot.test.context.SpringBootTestContextBootstrapper=true}

  .   ____          _            __ _ _
 /\\ / ___'_ __ _ _(_)_ __  __ _ \ \ \ \
( ( )\___ | '_ | '_| | '_ \/ _` | \ \ \ \
 \\/  ___)| |_)| | | | | || (_| |  ) ) ) )
  '  |____| .__|_| |_|_| |_\__, | / / / /
 =========|_|==============|___/=/_/_/_/
 :: Spring Boot ::        (v2.3.5.RELEASE)

2022-12-12 16:09:33.986  INFO 4628 --- [    Test worker] n.t.s.t.a.a.JwtUserDetailsServiceTests   : Starting JwtUserDetailsServiceTests on DESKTOP-02MT1RU with PID 4628 (started by Mihai Apolzan in C:\tudelft\SEM\Rowing-Project\FinalVersion\SEM34c\authentication-microservice)
2022-12-12 16:09:33.988  INFO 4628 --- [    Test worker] n.t.s.t.a.a.JwtUserDetailsServiceTests   : The following profiles are active: mockPasswordEncoder,test
2022-12-12 16:09:34.543  INFO 4628 --- [    Test worker] .s.d.r.c.RepositoryConfigurationDelegate : Bootstrapping Spring Data JPA repositories in DEFAULT mode.
2022-12-12 16:09:34.620  INFO 4628 --- [    Test worker] .s.d.r.c.RepositoryConfigurationDelegate : Finished Spring Data repository scanning in 68ms. Found 1 JPA repository interfaces.
2022-12-12 16:09:35.510  INFO 4628 --- [    Test worker] o.hibernate.jpa.internal.util.LogHelper  : HHH000204: Processing PersistenceUnitInfo [name: default]
2022-12-12 16:09:35.588  INFO 4628 --- [    Test worker] org.hibernate.Version                    : HHH000412: Hibernate ORM core version 5.4.22.Final
2022-12-12 16:09:35.653  INFO 4628 --- [    Test worker] o.hibernate.annotations.common.Version   : HCANN000001: Hibernate Commons Annotations {5.1.0.Final}
2022-12-12 16:09:36.106  INFO 4628 --- [    Test worker] org.hibernate.dialect.Dialect            : HHH000400: Using dialect: org.hibernate.dialect.H2Dialect
2022-12-12 16:09:36.775  INFO 4628 --- [    Test worker] o.h.e.t.j.p.i.JtaPlatformInitiator       : HHH000490: Using JtaPlatform implementation: [org.hibernate.engine.transaction.jta.platform.internal.NoJtaPlatform]
2022-12-12 16:09:36.788  INFO 4628 --- [    Test worker] j.LocalContainerEntityManagerFactoryBean : Initialized JPA EntityManagerFactory for persistence unit 'default'
2022-12-12 16:09:37.311  WARN 4628 --- [    Test worker] JpaBaseConfiguration$JpaWebConfiguration : spring.jpa.open-in-view is enabled by default. Therefore, database queries may be performed during view rendering. Explicitly configure spring.jpa.open-in-view to disable this warning
2022-12-12 16:09:37.962  INFO 4628 --- [    Test worker] o.s.s.concurrent.ThreadPoolTaskExecutor  : Initializing ExecutorService 'applicationTaskExecutor'
2022-12-12 16:09:38.042  INFO 4628 --- [    Test worker] o.s.b.a.h2.H2ConsoleAutoConfiguration    : H2 console available at '/h2-console'. Database available at 'jdbc:h2:mem:myDb'
2022-12-12 16:09:38.736  INFO 4628 --- [    Test worker] o.s.s.web.DefaultSecurityFilterChain     : Creating filter chain: any request, [org.springframework.security.web.context.request.async.WebAsyncManagerIntegrationFilter@2e17a9e6, org.springframework.security.web.context.SecurityContextPersistenceFilter@7d741200, org.springframework.security.web.header.HeaderWriterFilter@15ade272, org.springframework.security.web.authentication.logout.LogoutFilter@4d4337f9, org.springframework.security.web.savedrequest.RequestCacheAwareFilter@6af02de0, org.springframework.security.web.servletapi.SecurityContextHolderAwareRequestFilter@129b0ed, org.springframework.security.web.authentication.AnonymousAuthenticationFilter@6a1b4854, org.springframework.security.web.session.SessionManagementFilter@625c9248, org.springframework.security.web.access.ExceptionTranslationFilter@7da0587a, org.springframework.security.web.access.intercept.FilterSecurityInterceptor@3a75d9a1]
2022-12-12 16:09:38.836  INFO 4628 --- [    Test worker] n.t.s.t.a.a.JwtUserDetailsServiceTests   : Started JwtUserDetailsServiceTests in 5.173 seconds (JVM running for 7.772)
2022-12-12 16:09:38.862  INFO 4628 --- [    Test worker] o.s.s.concurrent.ThreadPoolTaskExecutor  : Shutting down ExecutorService 'applicationTaskExecutor'
2022-12-12 16:09:38.863  INFO 4628 --- [    Test worker] j.LocalContainerEntityManagerFactoryBean : Closing JPA EntityManagerFactory for persistence unit 'default'
2022-12-12 16:09:38.863  INFO 4628 --- [    Test worker] .SchemaDropperImpl$DelayedDropActionImpl : HHH000477: Starting delayed evictData of schema as part of SessionFactory shut-down'

  .   ____          _            __ _ _
 /\\ / ___'_ __ _ _(_)_ __  __ _ \ \ \ \
( ( )\___ | '_ | '_| | '_ \/ _` | \ \ \ \
 \\/  ___)| |_)| | | | | || (_| |  ) ) ) )
  '  |____| .__|_| |_|_| |_\__, | / / / /
 =========|_|==============|___/=/_/_/_/
 :: Spring Boot ::        (v2.3.5.RELEASE)

2022-12-12 16:09:38.956  INFO 4628 --- [    Test worker] n.t.s.t.a.a.JwtUserDetailsServiceTests   : Starting JwtUserDetailsServiceTests on DESKTOP-02MT1RU with PID 4628 (started by Mihai Apolzan in C:\tudelft\SEM\Rowing-Project\FinalVersion\SEM34c\authentication-microservice)
2022-12-12 16:09:38.956  INFO 4628 --- [    Test worker] n.t.s.t.a.a.JwtUserDetailsServiceTests   : The following profiles are active: mockPasswordEncoder,test
2022-12-12 16:09:39.191  INFO 4628 --- [    Test worker] .s.d.r.c.RepositoryConfigurationDelegate : Bootstrapping Spring Data JPA repositories in DEFAULT mode.
2022-12-12 16:09:39.215  INFO 4628 --- [    Test worker] .s.d.r.c.RepositoryConfigurationDelegate : Finished Spring Data repository scanning in 23ms. Found 1 JPA repository interfaces.
2022-12-12 16:09:39.421  INFO 4628 --- [    Test worker] o.hibernate.jpa.internal.util.LogHelper  : HHH000204: Processing PersistenceUnitInfo [name: default]
2022-12-12 16:09:39.435  INFO 4628 --- [    Test worker] org.hibernate.dialect.Dialect            : HHH000400: Using dialect: org.hibernate.dialect.H2Dialect
2022-12-12 16:09:39.473  INFO 4628 --- [    Test worker] o.h.e.t.j.p.i.JtaPlatformInitiator       : HHH000490: Using JtaPlatform implementation: [org.hibernate.engine.transaction.jta.platform.internal.NoJtaPlatform]
2022-12-12 16:09:39.474  INFO 4628 --- [    Test worker] j.LocalContainerEntityManagerFactoryBean : Initialized JPA EntityManagerFactory for persistence unit 'default'
2022-12-12 16:09:39.620  WARN 4628 --- [    Test worker] JpaBaseConfiguration$JpaWebConfiguration : spring.jpa.open-in-view is enabled by default. Therefore, database queries may be performed during view rendering. Explicitly configure spring.jpa.open-in-view to disable this warning
2022-12-12 16:09:39.876  INFO 4628 --- [    Test worker] o.s.s.concurrent.ThreadPoolTaskExecutor  : Initializing ExecutorService 'applicationTaskExecutor'
2022-12-12 16:09:39.904  INFO 4628 --- [    Test worker] o.s.b.a.h2.H2ConsoleAutoConfiguration    : H2 console available at '/h2-console'. Database available at 'jdbc:h2:mem:myDb'
2022-12-12 16:09:40.261  INFO 4628 --- [    Test worker] o.s.s.web.DefaultSecurityFilterChain     : Creating filter chain: any request, [org.springframework.security.web.context.request.async.WebAsyncManagerIntegrationFilter@7d619bcb, org.springframework.security.web.context.SecurityContextPersistenceFilter@279e4506, org.springframework.security.web.header.HeaderWriterFilter@58e9e852, org.springframework.security.web.authentication.logout.LogoutFilter@49f32bcb, org.springframework.security.web.savedrequest.RequestCacheAwareFilter@4582da06, org.springframework.security.web.servletapi.SecurityContextHolderAwareRequestFilter@523e019c, org.springframework.security.web.authentication.AnonymousAuthenticationFilter@57f83dc7, org.springframework.security.web.session.SessionManagementFilter@52238861, org.springframework.security.web.access.ExceptionTranslationFilter@70d24586, org.springframework.security.web.access.intercept.FilterSecurityInterceptor@73cdf5f9]
2022-12-12 16:09:40.326  INFO 4628 --- [    Test worker] n.t.s.t.a.a.JwtUserDetailsServiceTests   : Started JwtUserDetailsServiceTests in 1.454 seconds (JVM running for 9.262)
Account (AnotherUser) was created.
2022-12-12 16:09:40.580  INFO 4628 --- [    Test worker] o.s.s.concurrent.ThreadPoolTaskExecutor  : Shutting down ExecutorService 'applicationTaskExecutor'
2022-12-12 16:09:40.581  INFO 4628 --- [    Test worker] j.LocalContainerEntityManagerFactoryBean : Closing JPA EntityManagerFactory for persistence unit 'default'
2022-12-12 16:09:40.582  INFO 4628 --- [    Test worker] .SchemaDropperImpl$DelayedDropActionImpl : HHH000477: Starting delayed evictData of schema as part of SessionFactory shut-down'

  .   ____          _            __ _ _
 /\\ / ___'_ __ _ _(_)_ __  __ _ \ \ \ \
( ( )\___ | '_ | '_| | '_ \/ _` | \ \ \ \
 \\/  ___)| |_)| | | | | || (_| |  ) ) ) )
  '  |____| .__|_| |_|_| |_\__, | / / / /
 =========|_|==============|___/=/_/_/_/
 :: Spring Boot ::        (v2.3.5.RELEASE)

2022-12-12 16:09:40.658  INFO 4628 --- [    Test worker] n.t.s.t.a.a.JwtUserDetailsServiceTests   : Starting JwtUserDetailsServiceTests on DESKTOP-02MT1RU with PID 4628 (started by Mihai Apolzan in C:\tudelft\SEM\Rowing-Project\FinalVersion\SEM34c\authentication-microservice)
2022-12-12 16:09:40.658  INFO 4628 --- [    Test worker] n.t.s.t.a.a.JwtUserDetailsServiceTests   : The following profiles are active: mockPasswordEncoder,test
2022-12-12 16:09:40.864  INFO 4628 --- [    Test worker] .s.d.r.c.RepositoryConfigurationDelegate : Bootstrapping Spring Data JPA repositories in DEFAULT mode.
2022-12-12 16:09:40.885  INFO 4628 --- [    Test worker] .s.d.r.c.RepositoryConfigurationDelegate : Finished Spring Data repository scanning in 20ms. Found 1 JPA repository interfaces.
2022-12-12 16:09:41.085  INFO 4628 --- [    Test worker] o.hibernate.jpa.internal.util.LogHelper  : HHH000204: Processing PersistenceUnitInfo [name: default]
2022-12-12 16:09:41.098  INFO 4628 --- [    Test worker] org.hibernate.dialect.Dialect            : HHH000400: Using dialect: org.hibernate.dialect.H2Dialect
2022-12-12 16:09:41.130  INFO 4628 --- [    Test worker] o.h.e.t.j.p.i.JtaPlatformInitiator       : HHH000490: Using JtaPlatform implementation: [org.hibernate.engine.transaction.jta.platform.internal.NoJtaPlatform]
2022-12-12 16:09:41.130  INFO 4628 --- [    Test worker] j.LocalContainerEntityManagerFactoryBean : Initialized JPA EntityManagerFactory for persistence unit 'default'
2022-12-12 16:09:41.260  WARN 4628 --- [    Test worker] JpaBaseConfiguration$JpaWebConfiguration : spring.jpa.open-in-view is enabled by default. Therefore, database queries may be performed during view rendering. Explicitly configure spring.jpa.open-in-view to disable this warning
2022-12-12 16:09:41.497  INFO 4628 --- [    Test worker] o.s.s.concurrent.ThreadPoolTaskExecutor  : Initializing ExecutorService 'applicationTaskExecutor'
2022-12-12 16:09:41.519  INFO 4628 --- [    Test worker] o.s.b.a.h2.H2ConsoleAutoConfiguration    : H2 console available at '/h2-console'. Database available at 'jdbc:h2:mem:myDb'
2022-12-12 16:09:41.868  INFO 4628 --- [    Test worker] o.s.s.web.DefaultSecurityFilterChain     : Creating filter chain: any request, [org.springframework.security.web.context.request.async.WebAsyncManagerIntegrationFilter@1dbe592f, org.springframework.security.web.context.SecurityContextPersistenceFilter@29e8c09c, org.springframework.security.web.header.HeaderWriterFilter@3b5f72fa, org.springframework.security.web.authentication.logout.LogoutFilter@2ce7d43, org.springframework.security.web.savedrequest.RequestCacheAwareFilter@5d8de155, org.springframework.security.web.servletapi.SecurityContextHolderAwareRequestFilter@1d0590bc, org.springframework.security.web.authentication.AnonymousAuthenticationFilter@4e09c3b0, org.springframework.security.web.session.SessionManagementFilter@67c2ff5d, org.springframework.security.web.access.ExceptionTranslationFilter@297bbd41, org.springframework.security.web.access.intercept.FilterSecurityInterceptor@70b037ac]
2022-12-12 16:09:41.925  INFO 4628 --- [    Test worker] n.t.s.t.a.a.JwtUserDetailsServiceTests   : Started JwtUserDetailsServiceTests in 1.34 seconds (JVM running for 10.861)
Account (SomeUser) was created.
]]></system-out>
  <system-err><![CDATA[]]></system-err>
</testsuite>
