<?xml version="1.0" encoding="UTF-8"?>
<testsuite name="nl.tudelft.sem.template.authentication.integration.UsersTests" tests="5" skipped="0" failures="0" errors="0" timestamp="2022-12-12T15:09:45" hostname="DESKTOP-02MT1RU" time="5.639">
  <properties/>
  <testcase name="login_withInvalidPassword_returns403()" classname="nl.tudelft.sem.template.authentication.integration.UsersTests" time="1.268"/>
  <testcase name="login_withValidUser_returnsToken()" classname="nl.tudelft.sem.template.authentication.integration.UsersTests" time="1.108"/>
  <testcase name="register_withValidData_worksCorrectly()" classname="nl.tudelft.sem.template.authentication.integration.UsersTests" time="1.081"/>
  <testcase name="login_withNonexistentUsername_returns403()" classname="nl.tudelft.sem.template.authentication.integration.UsersTests" time="1.102"/>
  <testcase name="register_withExistingUser_throwsException()" classname="nl.tudelft.sem.template.authentication.integration.UsersTests" time="1.077"/>
  <system-out><![CDATA[2022-12-12 16:09:44.435  INFO 4628 --- [    Test worker] .b.t.c.SpringBootTestContextBootstrapper : Neither @ContextConfiguration nor @ContextHierarchy found for test class [nl.tudelft.sem.template.authentication.integration.UsersTests], using SpringBootContextLoader
2022-12-12 16:09:44.436  INFO 4628 --- [    Test worker] o.s.t.c.support.AbstractContextLoader    : Could not detect default resource locations for test class [nl.tudelft.sem.template.authentication.integration.UsersTests]: no resource found for suffixes {-context.xml, Context.groovy}.
2022-12-12 16:09:44.436  INFO 4628 --- [    Test worker] t.c.s.AnnotationConfigContextLoaderUtils : Could not detect default configuration classes for test class [nl.tudelft.sem.template.authentication.integration.UsersTests]: UsersTests does not declare any static, non-private, non-final, nested classes annotated with @Configuration.
2022-12-12 16:09:44.448  INFO 4628 --- [    Test worker] .b.t.c.SpringBootTestContextBootstrapper : Found @SpringBootConfiguration nl.tudelft.sem.template.authentication.Application for test class nl.tudelft.sem.template.authentication.integration.UsersTests
2022-12-12 16:09:44.450  INFO 4628 --- [    Test worker] .b.t.c.SpringBootTestContextBootstrapper : Loaded default TestExecutionListener class names from location [META-INF/spring.factories]: [org.springframework.boot.test.autoconfigure.restdocs.RestDocsTestExecutionListener, org.springframework.boot.test.autoconfigure.web.client.MockRestServiceServerResetTestExecutionListener, org.springframework.boot.test.autoconfigure.web.servlet.MockMvcPrintOnlyOnFailureTestExecutionListener, org.springframework.boot.test.autoconfigure.web.servlet.WebDriverTestExecutionListener, org.springframework.boot.test.autoconfigure.webservices.client.MockWebServiceServerTestExecutionListener, org.springframework.boot.test.mock.mockito.MockitoTestExecutionListener, org.springframework.boot.test.mock.mockito.ResetMocksTestExecutionListener, org.springframework.test.context.web.ServletTestExecutionListener, org.springframework.test.context.support.DirtiesContextBeforeModesTestExecutionListener, org.springframework.test.context.support.DependencyInjectionTestExecutionListener, org.springframework.test.context.support.DirtiesContextTestExecutionListener, org.springframework.test.context.transaction.TransactionalTestExecutionListener, org.springframework.test.context.jdbc.SqlScriptsTestExecutionListener, org.springframework.test.context.event.EventPublishingTestExecutionListener]
2022-12-12 16:09:44.450  INFO 4628 --- [    Test worker] .b.t.c.SpringBootTestContextBootstrapper : Using TestExecutionListeners: [org.springframework.test.context.web.ServletTestExecutionListener@1c027237, org.springframework.test.context.support.DirtiesContextBeforeModesTestExecutionListener@4cb37177, org.springframework.boot.test.mock.mockito.MockitoTestExecutionListener@1f9a3640, org.springframework.boot.test.autoconfigure.SpringBootDependencyInjectionTestExecutionListener@7ff395fa, org.springframework.test.context.support.DirtiesContextTestExecutionListener@70efc3f9, org.springframework.test.context.transaction.TransactionalTestExecutionListener@27002c5a, org.springframework.test.context.jdbc.SqlScriptsTestExecutionListener@69e636cc, org.springframework.test.context.event.EventPublishingTestExecutionListener@a59324f, org.springframework.boot.test.autoconfigure.restdocs.RestDocsTestExecutionListener@427c8f6, org.springframework.boot.test.autoconfigure.web.client.MockRestServiceServerResetTestExecutionListener@226346d4, org.springframework.boot.test.autoconfigure.web.servlet.MockMvcPrintOnlyOnFailureTestExecutionListener@7aeb5402, org.springframework.boot.test.autoconfigure.web.servlet.WebDriverTestExecutionListener@39e3da5a, org.springframework.boot.test.autoconfigure.webservices.client.MockWebServiceServerTestExecutionListener@339d5e8, org.springframework.boot.test.mock.mockito.ResetMocksTestExecutionListener@3bd466bd]

  .   ____          _            __ _ _
 /\\ / ___'_ __ _ _(_)_ __  __ _ \ \ \ \
( ( )\___ | '_ | '_| | '_ \/ _` | \ \ \ \
 \\/  ___)| |_)| | | | | || (_| |  ) ) ) )
  '  |____| .__|_| |_|_| |_\__, | / / / /
 =========|_|==============|___/=/_/_/_/
 :: Spring Boot ::        (v2.3.5.RELEASE)

2022-12-12 16:09:44.572  INFO 4628 --- [    Test worker] n.t.s.t.a.integration.UsersTests         : Starting UsersTests on DESKTOP-02MT1RU with PID 4628 (started by Mihai Apolzan in C:\tudelft\SEM\Rowing-Project\FinalVersion\SEM34c\authentication-microservice)
2022-12-12 16:09:44.572  INFO 4628 --- [    Test worker] n.t.s.t.a.integration.UsersTests         : The following profiles are active: mockAuthenticationManager,mockPasswordEncoder,mockTokenGenerator,test
2022-12-12 16:09:44.768  INFO 4628 --- [    Test worker] .s.d.r.c.RepositoryConfigurationDelegate : Bootstrapping Spring Data JPA repositories in DEFAULT mode.
2022-12-12 16:09:44.789  INFO 4628 --- [    Test worker] .s.d.r.c.RepositoryConfigurationDelegate : Finished Spring Data repository scanning in 20ms. Found 1 JPA repository interfaces.
2022-12-12 16:09:44.980  INFO 4628 --- [    Test worker] o.hibernate.jpa.internal.util.LogHelper  : HHH000204: Processing PersistenceUnitInfo [name: default]
2022-12-12 16:09:44.992  INFO 4628 --- [    Test worker] org.hibernate.dialect.Dialect            : HHH000400: Using dialect: org.hibernate.dialect.H2Dialect
2022-12-12 16:09:45.028  INFO 4628 --- [    Test worker] o.h.e.t.j.p.i.JtaPlatformInitiator       : HHH000490: Using JtaPlatform implementation: [org.hibernate.engine.transaction.jta.platform.internal.NoJtaPlatform]
2022-12-12 16:09:45.029  INFO 4628 --- [    Test worker] j.LocalContainerEntityManagerFactoryBean : Initialized JPA EntityManagerFactory for persistence unit 'default'
2022-12-12 16:09:45.175  WARN 4628 --- [    Test worker] JpaBaseConfiguration$JpaWebConfiguration : spring.jpa.open-in-view is enabled by default. Therefore, database queries may be performed during view rendering. Explicitly configure spring.jpa.open-in-view to disable this warning
2022-12-12 16:09:45.442  INFO 4628 --- [    Test worker] o.s.s.concurrent.ThreadPoolTaskExecutor  : Initializing ExecutorService 'applicationTaskExecutor'
2022-12-12 16:09:45.458  INFO 4628 --- [    Test worker] o.s.b.a.h2.H2ConsoleAutoConfiguration    : H2 console available at '/h2-console'. Database available at 'jdbc:h2:mem:myDb'
2022-12-12 16:09:45.740  INFO 4628 --- [    Test worker] o.s.s.web.DefaultSecurityFilterChain     : Creating filter chain: any request, [org.springframework.security.web.context.request.async.WebAsyncManagerIntegrationFilter@38950d4b, org.springframework.security.web.context.SecurityContextPersistenceFilter@2539ab41, org.springframework.security.web.header.HeaderWriterFilter@a4aecc3, org.springframework.security.web.authentication.logout.LogoutFilter@7bfc7533, org.springframework.security.web.savedrequest.RequestCacheAwareFilter@3bd69bf6, org.springframework.security.web.servletapi.SecurityContextHolderAwareRequestFilter@662754bb, org.springframework.security.web.authentication.AnonymousAuthenticationFilter@32fa7ff0, org.springframework.security.web.session.SessionManagementFilter@59f59a0a, org.springframework.security.web.access.ExceptionTranslationFilter@411bed55, org.springframework.security.web.access.intercept.FilterSecurityInterceptor@1e0d70db]
2022-12-12 16:09:45.811  INFO 4628 --- [    Test worker] o.s.b.t.m.w.SpringBootMockServletContext : Initializing Spring TestDispatcherServlet ''
2022-12-12 16:09:45.811  INFO 4628 --- [    Test worker] o.s.t.web.servlet.TestDispatcherServlet  : Initializing Servlet ''
2022-12-12 16:09:45.825  INFO 4628 --- [    Test worker] o.s.t.web.servlet.TestDispatcherServlet  : Completed initialization in 14 ms
2022-12-12 16:09:45.832  INFO 4628 --- [    Test worker] n.t.s.t.a.integration.UsersTests         : Started UsersTests in 1.38 seconds (JVM running for 14.768)
2022-12-12 16:09:45.837  INFO 4628 --- [    Test worker] o.s.s.concurrent.ThreadPoolTaskExecutor  : Shutting down ExecutorService 'applicationTaskExecutor'
2022-12-12 16:09:45.837  INFO 4628 --- [    Test worker] j.LocalContainerEntityManagerFactoryBean : Closing JPA EntityManagerFactory for persistence unit 'default'
2022-12-12 16:09:45.838  INFO 4628 --- [    Test worker] .SchemaDropperImpl$DelayedDropActionImpl : HHH000477: Starting delayed evictData of schema as part of SessionFactory shut-down'

  .   ____          _            __ _ _
 /\\ / ___'_ __ _ _(_)_ __  __ _ \ \ \ \
( ( )\___ | '_ | '_| | '_ \/ _` | \ \ \ \
 \\/  ___)| |_)| | | | | || (_| |  ) ) ) )
  '  |____| .__|_| |_|_| |_\__, | / / / /
 =========|_|==============|___/=/_/_/_/
 :: Spring Boot ::        (v2.3.5.RELEASE)

2022-12-12 16:09:45.966  INFO 4628 --- [    Test worker] n.t.s.t.a.integration.UsersTests         : Starting UsersTests on DESKTOP-02MT1RU with PID 4628 (started by Mihai Apolzan in C:\tudelft\SEM\Rowing-Project\FinalVersion\SEM34c\authentication-microservice)
2022-12-12 16:09:45.966  INFO 4628 --- [    Test worker] n.t.s.t.a.integration.UsersTests         : The following profiles are active: mockAuthenticationManager,mockPasswordEncoder,mockTokenGenerator,test
2022-12-12 16:09:46.146  INFO 4628 --- [    Test worker] .s.d.r.c.RepositoryConfigurationDelegate : Bootstrapping Spring Data JPA repositories in DEFAULT mode.
2022-12-12 16:09:46.164  INFO 4628 --- [    Test worker] .s.d.r.c.RepositoryConfigurationDelegate : Finished Spring Data repository scanning in 18ms. Found 1 JPA repository interfaces.
2022-12-12 16:09:46.313  INFO 4628 --- [    Test worker] o.hibernate.jpa.internal.util.LogHelper  : HHH000204: Processing PersistenceUnitInfo [name: default]
2022-12-12 16:09:46.324  INFO 4628 --- [    Test worker] org.hibernate.dialect.Dialect            : HHH000400: Using dialect: org.hibernate.dialect.H2Dialect
2022-12-12 16:09:46.349  INFO 4628 --- [    Test worker] o.h.e.t.j.p.i.JtaPlatformInitiator       : HHH000490: Using JtaPlatform implementation: [org.hibernate.engine.transaction.jta.platform.internal.NoJtaPlatform]
2022-12-12 16:09:46.349  INFO 4628 --- [    Test worker] j.LocalContainerEntityManagerFactoryBean : Initialized JPA EntityManagerFactory for persistence unit 'default'
2022-12-12 16:09:46.440  WARN 4628 --- [    Test worker] JpaBaseConfiguration$JpaWebConfiguration : spring.jpa.open-in-view is enabled by default. Therefore, database queries may be performed during view rendering. Explicitly configure spring.jpa.open-in-view to disable this warning
2022-12-12 16:09:46.623  INFO 4628 --- [    Test worker] o.s.s.concurrent.ThreadPoolTaskExecutor  : Initializing ExecutorService 'applicationTaskExecutor'
2022-12-12 16:09:46.640  INFO 4628 --- [    Test worker] o.s.b.a.h2.H2ConsoleAutoConfiguration    : H2 console available at '/h2-console'. Database available at 'jdbc:h2:mem:myDb'
2022-12-12 16:09:46.909  INFO 4628 --- [    Test worker] o.s.s.web.DefaultSecurityFilterChain     : Creating filter chain: any request, [org.springframework.security.web.context.request.async.WebAsyncManagerIntegrationFilter@59e938a4, org.springframework.security.web.context.SecurityContextPersistenceFilter@30e3544d, org.springframework.security.web.header.HeaderWriterFilter@521f2a23, org.springframework.security.web.authentication.logout.LogoutFilter@74a15f4, org.springframework.security.web.savedrequest.RequestCacheAwareFilter@522a9876, org.springframework.security.web.servletapi.SecurityContextHolderAwareRequestFilter@794ffe22, org.springframework.security.web.authentication.AnonymousAuthenticationFilter@323a47fe, org.springframework.security.web.session.SessionManagementFilter@228ed68c, org.springframework.security.web.access.ExceptionTranslationFilter@6ca1c156, org.springframework.security.web.access.intercept.FilterSecurityInterceptor@76c1ede3]
2022-12-12 16:09:46.967  INFO 4628 --- [    Test worker] o.s.b.t.m.w.SpringBootMockServletContext : Initializing Spring TestDispatcherServlet ''
2022-12-12 16:09:46.967  INFO 4628 --- [    Test worker] o.s.t.web.servlet.TestDispatcherServlet  : Initializing Servlet ''
2022-12-12 16:09:46.975  INFO 4628 --- [    Test worker] o.s.t.web.servlet.TestDispatcherServlet  : Completed initialization in 8 ms
2022-12-12 16:09:46.978  INFO 4628 --- [    Test worker] n.t.s.t.a.integration.UsersTests         : Started UsersTests in 1.137 seconds (JVM running for 15.914)
Account (SomeUser) was created.
2022-12-12 16:09:47.106  INFO 4628 --- [    Test worker] o.s.s.concurrent.ThreadPoolTaskExecutor  : Shutting down ExecutorService 'applicationTaskExecutor'
2022-12-12 16:09:47.106  INFO 4628 --- [    Test worker] j.LocalContainerEntityManagerFactoryBean : Closing JPA EntityManagerFactory for persistence unit 'default'
2022-12-12 16:09:47.106  INFO 4628 --- [    Test worker] .SchemaDropperImpl$DelayedDropActionImpl : HHH000477: Starting delayed evictData of schema as part of SessionFactory shut-down'

  .   ____          _            __ _ _
 /\\ / ___'_ __ _ _(_)_ __  __ _ \ \ \ \
( ( )\___ | '_ | '_| | '_ \/ _` | \ \ \ \
 \\/  ___)| |_)| | | | | || (_| |  ) ) ) )
  '  |____| .__|_| |_|_| |_\__, | / / / /
 =========|_|==============|___/=/_/_/_/
 :: Spring Boot ::        (v2.3.5.RELEASE)

2022-12-12 16:09:47.229  INFO 4628 --- [    Test worker] n.t.s.t.a.integration.UsersTests         : Starting UsersTests on DESKTOP-02MT1RU with PID 4628 (started by Mihai Apolzan in C:\tudelft\SEM\Rowing-Project\FinalVersion\SEM34c\authentication-microservice)
2022-12-12 16:09:47.229  INFO 4628 --- [    Test worker] n.t.s.t.a.integration.UsersTests         : The following profiles are active: mockAuthenticationManager,mockPasswordEncoder,mockTokenGenerator,test
2022-12-12 16:09:47.396  INFO 4628 --- [    Test worker] .s.d.r.c.RepositoryConfigurationDelegate : Bootstrapping Spring Data JPA repositories in DEFAULT mode.
2022-12-12 16:09:47.413  INFO 4628 --- [    Test worker] .s.d.r.c.RepositoryConfigurationDelegate : Finished Spring Data repository scanning in 17ms. Found 1 JPA repository interfaces.
2022-12-12 16:09:47.561  INFO 4628 --- [    Test worker] o.hibernate.jpa.internal.util.LogHelper  : HHH000204: Processing PersistenceUnitInfo [name: default]
2022-12-12 16:09:47.573  INFO 4628 --- [    Test worker] org.hibernate.dialect.Dialect            : HHH000400: Using dialect: org.hibernate.dialect.H2Dialect
2022-12-12 16:09:47.598  INFO 4628 --- [    Test worker] o.h.e.t.j.p.i.JtaPlatformInitiator       : HHH000490: Using JtaPlatform implementation: [org.hibernate.engine.transaction.jta.platform.internal.NoJtaPlatform]
2022-12-12 16:09:47.598  INFO 4628 --- [    Test worker] j.LocalContainerEntityManagerFactoryBean : Initialized JPA EntityManagerFactory for persistence unit 'default'
2022-12-12 16:09:47.688  WARN 4628 --- [    Test worker] JpaBaseConfiguration$JpaWebConfiguration : spring.jpa.open-in-view is enabled by default. Therefore, database queries may be performed during view rendering. Explicitly configure spring.jpa.open-in-view to disable this warning
2022-12-12 16:09:47.860  INFO 4628 --- [    Test worker] o.s.s.concurrent.ThreadPoolTaskExecutor  : Initializing ExecutorService 'applicationTaskExecutor'
2022-12-12 16:09:47.874  INFO 4628 --- [    Test worker] o.s.b.a.h2.H2ConsoleAutoConfiguration    : H2 console available at '/h2-console'. Database available at 'jdbc:h2:mem:myDb'
2022-12-12 16:09:48.129  INFO 4628 --- [    Test worker] o.s.s.web.DefaultSecurityFilterChain     : Creating filter chain: any request, [org.springframework.security.web.context.request.async.WebAsyncManagerIntegrationFilter@372e01e0, org.springframework.security.web.context.SecurityContextPersistenceFilter@195267c8, org.springframework.security.web.header.HeaderWriterFilter@503e1cd9, org.springframework.security.web.authentication.logout.LogoutFilter@4968deb9, org.springframework.security.web.savedrequest.RequestCacheAwareFilter@69924070, org.springframework.security.web.servletapi.SecurityContextHolderAwareRequestFilter@496a514f, org.springframework.security.web.authentication.AnonymousAuthenticationFilter@54fc7fce, org.springframework.security.web.session.SessionManagementFilter@20b54b6e, org.springframework.security.web.access.ExceptionTranslationFilter@71103416, org.springframework.security.web.access.intercept.FilterSecurityInterceptor@11bb0655]
2022-12-12 16:09:48.174  INFO 4628 --- [    Test worker] o.s.b.t.m.w.SpringBootMockServletContext : Initializing Spring TestDispatcherServlet ''
2022-12-12 16:09:48.174  INFO 4628 --- [    Test worker] o.s.t.web.servlet.TestDispatcherServlet  : Initializing Servlet ''
2022-12-12 16:09:48.181  INFO 4628 --- [    Test worker] o.s.t.web.servlet.TestDispatcherServlet  : Completed initialization in 7 ms
2022-12-12 16:09:48.184  INFO 4628 --- [    Test worker] n.t.s.t.a.integration.UsersTests         : Started UsersTests in 1.075 seconds (JVM running for 17.12)
Account (SomeUser) was created.
2022-12-12 16:09:48.214  INFO 4628 --- [    Test worker] o.s.s.concurrent.ThreadPoolTaskExecutor  : Shutting down ExecutorService 'applicationTaskExecutor'
2022-12-12 16:09:48.215  INFO 4628 --- [    Test worker] j.LocalContainerEntityManagerFactoryBean : Closing JPA EntityManagerFactory for persistence unit 'default'
2022-12-12 16:09:48.215  INFO 4628 --- [    Test worker] .SchemaDropperImpl$DelayedDropActionImpl : HHH000477: Starting delayed evictData of schema as part of SessionFactory shut-down'

  .   ____          _            __ _ _
 /\\ / ___'_ __ _ _(_)_ __  __ _ \ \ \ \
( ( )\___ | '_ | '_| | '_ \/ _` | \ \ \ \
 \\/  ___)| |_)| | | | | || (_| |  ) ) ) )
  '  |____| .__|_| |_|_| |_\__, | / / / /
 =========|_|==============|___/=/_/_/_/
 :: Spring Boot ::        (v2.3.5.RELEASE)

2022-12-12 16:09:48.335  INFO 4628 --- [    Test worker] n.t.s.t.a.integration.UsersTests         : Starting UsersTests on DESKTOP-02MT1RU with PID 4628 (started by Mihai Apolzan in C:\tudelft\SEM\Rowing-Project\FinalVersion\SEM34c\authentication-microservice)
2022-12-12 16:09:48.335  INFO 4628 --- [    Test worker] n.t.s.t.a.integration.UsersTests         : The following profiles are active: mockAuthenticationManager,mockPasswordEncoder,mockTokenGenerator,test
2022-12-12 16:09:48.495  INFO 4628 --- [    Test worker] .s.d.r.c.RepositoryConfigurationDelegate : Bootstrapping Spring Data JPA repositories in DEFAULT mode.
2022-12-12 16:09:48.514  INFO 4628 --- [    Test worker] .s.d.r.c.RepositoryConfigurationDelegate : Finished Spring Data repository scanning in 19ms. Found 1 JPA repository interfaces.
2022-12-12 16:09:48.645  INFO 4628 --- [    Test worker] o.hibernate.jpa.internal.util.LogHelper  : HHH000204: Processing PersistenceUnitInfo [name: default]
2022-12-12 16:09:48.656  INFO 4628 --- [    Test worker] org.hibernate.dialect.Dialect            : HHH000400: Using dialect: org.hibernate.dialect.H2Dialect
2022-12-12 16:09:48.681  INFO 4628 --- [    Test worker] o.h.e.t.j.p.i.JtaPlatformInitiator       : HHH000490: Using JtaPlatform implementation: [org.hibernate.engine.transaction.jta.platform.internal.NoJtaPlatform]
2022-12-12 16:09:48.681  INFO 4628 --- [    Test worker] j.LocalContainerEntityManagerFactoryBean : Initialized JPA EntityManagerFactory for persistence unit 'default'
2022-12-12 16:09:48.769  WARN 4628 --- [    Test worker] JpaBaseConfiguration$JpaWebConfiguration : spring.jpa.open-in-view is enabled by default. Therefore, database queries may be performed during view rendering. Explicitly configure spring.jpa.open-in-view to disable this warning
2022-12-12 16:09:48.944  INFO 4628 --- [    Test worker] o.s.s.concurrent.ThreadPoolTaskExecutor  : Initializing ExecutorService 'applicationTaskExecutor'
2022-12-12 16:09:48.957  INFO 4628 --- [    Test worker] o.s.b.a.h2.H2ConsoleAutoConfiguration    : H2 console available at '/h2-console'. Database available at 'jdbc:h2:mem:myDb'
2022-12-12 16:09:49.224  INFO 4628 --- [    Test worker] o.s.s.web.DefaultSecurityFilterChain     : Creating filter chain: any request, [org.springframework.security.web.context.request.async.WebAsyncManagerIntegrationFilter@31f5829e, org.springframework.security.web.context.SecurityContextPersistenceFilter@56584f06, org.springframework.security.web.header.HeaderWriterFilter@e31d9c2, org.springframework.security.web.authentication.logout.LogoutFilter@53f7759c, org.springframework.security.web.savedrequest.RequestCacheAwareFilter@796ed904, org.springframework.security.web.servletapi.SecurityContextHolderAwareRequestFilter@7991e022, org.springframework.security.web.authentication.AnonymousAuthenticationFilter@597f9d9d, org.springframework.security.web.session.SessionManagementFilter@10e5c13c, org.springframework.security.web.access.ExceptionTranslationFilter@3033e54c, org.springframework.security.web.access.intercept.FilterSecurityInterceptor@1c0697c9]
2022-12-12 16:09:49.268  INFO 4628 --- [    Test worker] o.s.b.t.m.w.SpringBootMockServletContext : Initializing Spring TestDispatcherServlet ''
2022-12-12 16:09:49.268  INFO 4628 --- [    Test worker] o.s.t.web.servlet.TestDispatcherServlet  : Initializing Servlet ''
2022-12-12 16:09:49.274  INFO 4628 --- [    Test worker] o.s.t.web.servlet.TestDispatcherServlet  : Completed initialization in 6 ms
2022-12-12 16:09:49.278  INFO 4628 --- [    Test worker] n.t.s.t.a.integration.UsersTests         : Started UsersTests in 1.06 seconds (JVM running for 18.214)
Account (SomeUser) was created.
2022-12-12 16:09:49.296  INFO 4628 --- [    Test worker] o.s.s.concurrent.ThreadPoolTaskExecutor  : Shutting down ExecutorService 'applicationTaskExecutor'
2022-12-12 16:09:49.296  INFO 4628 --- [    Test worker] j.LocalContainerEntityManagerFactoryBean : Closing JPA EntityManagerFactory for persistence unit 'default'
2022-12-12 16:09:49.296  INFO 4628 --- [    Test worker] .SchemaDropperImpl$DelayedDropActionImpl : HHH000477: Starting delayed evictData of schema as part of SessionFactory shut-down'

  .   ____          _            __ _ _
 /\\ / ___'_ __ _ _(_)_ __  __ _ \ \ \ \
( ( )\___ | '_ | '_| | '_ \/ _` | \ \ \ \
 \\/  ___)| |_)| | | | | || (_| |  ) ) ) )
  '  |____| .__|_| |_|_| |_\__, | / / / /
 =========|_|==============|___/=/_/_/_/
 :: Spring Boot ::        (v2.3.5.RELEASE)

2022-12-12 16:09:49.414  INFO 4628 --- [    Test worker] n.t.s.t.a.integration.UsersTests         : Starting UsersTests on DESKTOP-02MT1RU with PID 4628 (started by Mihai Apolzan in C:\tudelft\SEM\Rowing-Project\FinalVersion\SEM34c\authentication-microservice)
2022-12-12 16:09:49.414  INFO 4628 --- [    Test worker] n.t.s.t.a.integration.UsersTests         : The following profiles are active: mockAuthenticationManager,mockPasswordEncoder,mockTokenGenerator,test
2022-12-12 16:09:49.579  INFO 4628 --- [    Test worker] .s.d.r.c.RepositoryConfigurationDelegate : Bootstrapping Spring Data JPA repositories in DEFAULT mode.
2022-12-12 16:09:49.601  INFO 4628 --- [    Test worker] .s.d.r.c.RepositoryConfigurationDelegate : Finished Spring Data repository scanning in 21ms. Found 1 JPA repository interfaces.
2022-12-12 16:09:49.740  INFO 4628 --- [    Test worker] o.hibernate.jpa.internal.util.LogHelper  : HHH000204: Processing PersistenceUnitInfo [name: default]
2022-12-12 16:09:49.752  INFO 4628 --- [    Test worker] org.hibernate.dialect.Dialect            : HHH000400: Using dialect: org.hibernate.dialect.H2Dialect
2022-12-12 16:09:49.777  INFO 4628 --- [    Test worker] o.h.e.t.j.p.i.JtaPlatformInitiator       : HHH000490: Using JtaPlatform implementation: [org.hibernate.engine.transaction.jta.platform.internal.NoJtaPlatform]
2022-12-12 16:09:49.777  INFO 4628 --- [    Test worker] j.LocalContainerEntityManagerFactoryBean : Initialized JPA EntityManagerFactory for persistence unit 'default'
2022-12-12 16:09:49.868  WARN 4628 --- [    Test worker] JpaBaseConfiguration$JpaWebConfiguration : spring.jpa.open-in-view is enabled by default. Therefore, database queries may be performed during view rendering. Explicitly configure spring.jpa.open-in-view to disable this warning
2022-12-12 16:09:50.056  INFO 4628 --- [    Test worker] o.s.s.concurrent.ThreadPoolTaskExecutor  : Initializing ExecutorService 'applicationTaskExecutor'
2022-12-12 16:09:50.070  INFO 4628 --- [    Test worker] o.s.b.a.h2.H2ConsoleAutoConfiguration    : H2 console available at '/h2-console'. Database available at 'jdbc:h2:mem:myDb'
2022-12-12 16:09:50.323  INFO 4628 --- [    Test worker] o.s.s.web.DefaultSecurityFilterChain     : Creating filter chain: any request, [org.springframework.security.web.context.request.async.WebAsyncManagerIntegrationFilter@15a806a2, org.springframework.security.web.context.SecurityContextPersistenceFilter@f5eff92, org.springframework.security.web.header.HeaderWriterFilter@1675adad, org.springframework.security.web.authentication.logout.LogoutFilter@34bbfd4b, org.springframework.security.web.savedrequest.RequestCacheAwareFilter@2558c3fb, org.springframework.security.web.servletapi.SecurityContextHolderAwareRequestFilter@1efb1a38, org.springframework.security.web.authentication.AnonymousAuthenticationFilter@1eb9ab8f, org.springframework.security.web.session.SessionManagementFilter@384d40a5, org.springframework.security.web.access.ExceptionTranslationFilter@2e608993, org.springframework.security.web.access.intercept.FilterSecurityInterceptor@3fa4702d]
2022-12-12 16:09:50.375  INFO 4628 --- [    Test worker] o.s.b.t.m.w.SpringBootMockServletContext : Initializing Spring TestDispatcherServlet ''
2022-12-12 16:09:50.375  INFO 4628 --- [    Test worker] o.s.t.web.servlet.TestDispatcherServlet  : Initializing Servlet ''
2022-12-12 16:09:50.383  INFO 4628 --- [    Test worker] o.s.t.web.servlet.TestDispatcherServlet  : Completed initialization in 8 ms
2022-12-12 16:09:50.386  INFO 4628 --- [    Test worker] n.t.s.t.a.integration.UsersTests         : Started UsersTests in 1.087 seconds (JVM running for 19.322)
2022-12-12 16:09:50.399  INFO 4628 --- [    Test worker] o.s.s.concurrent.ThreadPoolTaskExecutor  : Shutting down ExecutorService 'applicationTaskExecutor'
2022-12-12 16:09:50.399  INFO 4628 --- [    Test worker] j.LocalContainerEntityManagerFactoryBean : Closing JPA EntityManagerFactory for persistence unit 'default'
2022-12-12 16:09:50.399  INFO 4628 --- [    Test worker] .SchemaDropperImpl$DelayedDropActionImpl : HHH000477: Starting delayed evictData of schema as part of SessionFactory shut-down'

  .   ____          _            __ _ _
 /\\ / ___'_ __ _ _(_)_ __  __ _ \ \ \ \
( ( )\___ | '_ | '_| | '_ \/ _` | \ \ \ \
 \\/  ___)| |_)| | | | | || (_| |  ) ) ) )
  '  |____| .__|_| |_|_| |_\__, | / / / /
 =========|_|==============|___/=/_/_/_/
 :: Spring Boot ::        (v2.3.5.RELEASE)

2022-12-12 16:09:50.521  INFO 4628 --- [    Test worker] n.t.s.t.a.integration.UsersTests         : Starting UsersTests on DESKTOP-02MT1RU with PID 4628 (started by Mihai Apolzan in C:\tudelft\SEM\Rowing-Project\FinalVersion\SEM34c\authentication-microservice)
2022-12-12 16:09:50.521  INFO 4628 --- [    Test worker] n.t.s.t.a.integration.UsersTests         : The following profiles are active: mockAuthenticationManager,mockPasswordEncoder,mockTokenGenerator,test
2022-12-12 16:09:50.683  INFO 4628 --- [    Test worker] .s.d.r.c.RepositoryConfigurationDelegate : Bootstrapping Spring Data JPA repositories in DEFAULT mode.
2022-12-12 16:09:50.701  INFO 4628 --- [    Test worker] .s.d.r.c.RepositoryConfigurationDelegate : Finished Spring Data repository scanning in 17ms. Found 1 JPA repository interfaces.
2022-12-12 16:09:50.847  INFO 4628 --- [    Test worker] o.hibernate.jpa.internal.util.LogHelper  : HHH000204: Processing PersistenceUnitInfo [name: default]
2022-12-12 16:09:50.858  INFO 4628 --- [    Test worker] org.hibernate.dialect.Dialect            : HHH000400: Using dialect: org.hibernate.dialect.H2Dialect
2022-12-12 16:09:50.882  INFO 4628 --- [    Test worker] o.h.e.t.j.p.i.JtaPlatformInitiator       : HHH000490: Using JtaPlatform implementation: [org.hibernate.engine.transaction.jta.platform.internal.NoJtaPlatform]
2022-12-12 16:09:50.882  INFO 4628 --- [    Test worker] j.LocalContainerEntityManagerFactoryBean : Initialized JPA EntityManagerFactory for persistence unit 'default'
2022-12-12 16:09:50.971  WARN 4628 --- [    Test worker] JpaBaseConfiguration$JpaWebConfiguration : spring.jpa.open-in-view is enabled by default. Therefore, database queries may be performed during view rendering. Explicitly configure spring.jpa.open-in-view to disable this warning
2022-12-12 16:09:51.141  INFO 4628 --- [    Test worker] o.s.s.concurrent.ThreadPoolTaskExecutor  : Initializing ExecutorService 'applicationTaskExecutor'
2022-12-12 16:09:51.155  INFO 4628 --- [    Test worker] o.s.b.a.h2.H2ConsoleAutoConfiguration    : H2 console available at '/h2-console'. Database available at 'jdbc:h2:mem:myDb'
2022-12-12 16:09:51.405  INFO 4628 --- [    Test worker] o.s.s.web.DefaultSecurityFilterChain     : Creating filter chain: any request, [org.springframework.security.web.context.request.async.WebAsyncManagerIntegrationFilter@47e0aeb5, org.springframework.security.web.context.SecurityContextPersistenceFilter@b2a688d, org.springframework.security.web.header.HeaderWriterFilter@1c761232, org.springframework.security.web.authentication.logout.LogoutFilter@1135f0c4, org.springframework.security.web.savedrequest.RequestCacheAwareFilter@296ac298, org.springframework.security.web.servletapi.SecurityContextHolderAwareRequestFilter@5a1b205, org.springframework.security.web.authentication.AnonymousAuthenticationFilter@48a3cac8, org.springframework.security.web.session.SessionManagementFilter@7e765313, org.springframework.security.web.access.ExceptionTranslationFilter@7eeb8139, org.springframework.security.web.access.intercept.FilterSecurityInterceptor@d6db63e]
2022-12-12 16:09:51.449  INFO 4628 --- [    Test worker] o.s.b.t.m.w.SpringBootMockServletContext : Initializing Spring TestDispatcherServlet ''
2022-12-12 16:09:51.450  INFO 4628 --- [    Test worker] o.s.t.web.servlet.TestDispatcherServlet  : Initializing Servlet ''
2022-12-12 16:09:51.457  INFO 4628 --- [    Test worker] o.s.t.web.servlet.TestDispatcherServlet  : Completed initialization in 7 ms
2022-12-12 16:09:51.460  INFO 4628 --- [    Test worker] n.t.s.t.a.integration.UsersTests         : Started UsersTests in 1.058 seconds (JVM running for 20.396)
Account (SomeUser) was created.
]]></system-out>
  <system-err><![CDATA[]]></system-err>
</testsuite>
