<?xml version="1.0" encoding="UTF-8"?>
<testsuite name="nl.tudelft.sem.template.authentication.domain.user.RegistrationServiceTests" tests="2" skipped="0" failures="0" errors="0" timestamp="2022-12-12T15:09:41" hostname="DESKTOP-02MT1RU" time="2.445">
  <properties/>
  <testcase name="createUser_withExistingUser_throwsException()" classname="nl.tudelft.sem.template.authentication.domain.user.RegistrationServiceTests" time="1.222"/>
  <testcase name="createUser_withValidData_worksCorrectly()" classname="nl.tudelft.sem.template.authentication.domain.user.RegistrationServiceTests" time="1.223"/>
  <system-out><![CDATA[2022-12-12 16:09:41.961  INFO 4628 --- [    Test worker] .b.t.c.SpringBootTestContextBootstrapper : Neither @ContextConfiguration nor @ContextHierarchy found for test class [nl.tudelft.sem.template.authentication.domain.user.RegistrationServiceTests], using SpringBootContextLoader
2022-12-12 16:09:41.963  INFO 4628 --- [    Test worker] o.s.t.c.support.AbstractContextLoader    : Could not detect default resource locations for test class [nl.tudelft.sem.template.authentication.domain.user.RegistrationServiceTests]: no resource found for suffixes {-context.xml, Context.groovy}.
2022-12-12 16:09:41.963  INFO 4628 --- [    Test worker] t.c.s.AnnotationConfigContextLoaderUtils : Could not detect default configuration classes for test class [nl.tudelft.sem.template.authentication.domain.user.RegistrationServiceTests]: RegistrationServiceTests does not declare any static, non-private, non-final, nested classes annotated with @Configuration.
2022-12-12 16:09:41.980  INFO 4628 --- [    Test worker] .b.t.c.SpringBootTestContextBootstrapper : Found @SpringBootConfiguration nl.tudelft.sem.template.authentication.Application for test class nl.tudelft.sem.template.authentication.domain.user.RegistrationServiceTests
2022-12-12 16:09:41.983  INFO 4628 --- [    Test worker] .b.t.c.SpringBootTestContextBootstrapper : Loaded default TestExecutionListener class names from location [META-INF/spring.factories]: [org.springframework.boot.test.autoconfigure.restdocs.RestDocsTestExecutionListener, org.springframework.boot.test.autoconfigure.web.client.MockRestServiceServerResetTestExecutionListener, org.springframework.boot.test.autoconfigure.web.servlet.MockMvcPrintOnlyOnFailureTestExecutionListener, org.springframework.boot.test.autoconfigure.web.servlet.WebDriverTestExecutionListener, org.springframework.boot.test.autoconfigure.webservices.client.MockWebServiceServerTestExecutionListener, org.springframework.boot.test.mock.mockito.MockitoTestExecutionListener, org.springframework.boot.test.mock.mockito.ResetMocksTestExecutionListener, org.springframework.test.context.web.ServletTestExecutionListener, org.springframework.test.context.support.DirtiesContextBeforeModesTestExecutionListener, org.springframework.test.context.support.DependencyInjectionTestExecutionListener, org.springframework.test.context.support.DirtiesContextTestExecutionListener, org.springframework.test.context.transaction.TransactionalTestExecutionListener, org.springframework.test.context.jdbc.SqlScriptsTestExecutionListener, org.springframework.test.context.event.EventPublishingTestExecutionListener]
2022-12-12 16:09:41.983  INFO 4628 --- [    Test worker] .b.t.c.SpringBootTestContextBootstrapper : Using TestExecutionListeners: [org.springframework.test.context.web.ServletTestExecutionListener@50c442a5, org.springframework.test.context.support.DirtiesContextBeforeModesTestExecutionListener@4eb313ed, org.springframework.boot.test.mock.mockito.MockitoTestExecutionListener@3fc92211, org.springframework.boot.test.autoconfigure.SpringBootDependencyInjectionTestExecutionListener@63d8590c, org.springframework.test.context.support.DirtiesContextTestExecutionListener@117bfeb8, org.springframework.test.context.transaction.TransactionalTestExecutionListener@4781bb01, org.springframework.test.context.jdbc.SqlScriptsTestExecutionListener@31aec04a, org.springframework.test.context.event.EventPublishingTestExecutionListener@109fff4a, org.springframework.boot.test.autoconfigure.restdocs.RestDocsTestExecutionListener@5e5f5ddf, org.springframework.boot.test.autoconfigure.web.client.MockRestServiceServerResetTestExecutionListener@144caca6, org.springframework.boot.test.autoconfigure.web.servlet.MockMvcPrintOnlyOnFailureTestExecutionListener@532782f5, org.springframework.boot.test.autoconfigure.web.servlet.WebDriverTestExecutionListener@3c2d4274, org.springframework.boot.test.autoconfigure.webservices.client.MockWebServiceServerTestExecutionListener@18b8518b, org.springframework.boot.test.mock.mockito.ResetMocksTestExecutionListener@6960e7a6]
2022-12-12 16:09:41.989  INFO 4628 --- [    Test worker] o.s.s.concurrent.ThreadPoolTaskExecutor  : Shutting down ExecutorService 'applicationTaskExecutor'
2022-12-12 16:09:41.989  INFO 4628 --- [    Test worker] j.LocalContainerEntityManagerFactoryBean : Closing JPA EntityManagerFactory for persistence unit 'default'
2022-12-12 16:09:41.989  INFO 4628 --- [    Test worker] .SchemaDropperImpl$DelayedDropActionImpl : HHH000477: Starting delayed evictData of schema as part of SessionFactory shut-down'

  .   ____          _            __ _ _
 /\\ / ___'_ __ _ _(_)_ __  __ _ \ \ \ \
( ( )\___ | '_ | '_| | '_ \/ _` | \ \ \ \
 \\/  ___)| |_)| | | | | || (_| |  ) ) ) )
  '  |____| .__|_| |_|_| |_\__, | / / / /
 =========|_|==============|___/=/_/_/_/
 :: Spring Boot ::        (v2.3.5.RELEASE)

2022-12-12 16:09:42.070  INFO 4628 --- [    Test worker] n.t.s.t.a.d.u.RegistrationServiceTests   : Starting RegistrationServiceTests on DESKTOP-02MT1RU with PID 4628 (started by Mihai Apolzan in C:\tudelft\SEM\Rowing-Project\FinalVersion\SEM34c\authentication-microservice)
2022-12-12 16:09:42.070  INFO 4628 --- [    Test worker] n.t.s.t.a.d.u.RegistrationServiceTests   : The following profiles are active: mockPasswordEncoder,test
2022-12-12 16:09:42.269  INFO 4628 --- [    Test worker] .s.d.r.c.RepositoryConfigurationDelegate : Bootstrapping Spring Data JPA repositories in DEFAULT mode.
2022-12-12 16:09:42.289  INFO 4628 --- [    Test worker] .s.d.r.c.RepositoryConfigurationDelegate : Finished Spring Data repository scanning in 19ms. Found 1 JPA repository interfaces.
2022-12-12 16:09:42.464  INFO 4628 --- [    Test worker] o.hibernate.jpa.internal.util.LogHelper  : HHH000204: Processing PersistenceUnitInfo [name: default]
2022-12-12 16:09:42.477  INFO 4628 --- [    Test worker] org.hibernate.dialect.Dialect            : HHH000400: Using dialect: org.hibernate.dialect.H2Dialect
2022-12-12 16:09:42.507  INFO 4628 --- [    Test worker] o.h.e.t.j.p.i.JtaPlatformInitiator       : HHH000490: Using JtaPlatform implementation: [org.hibernate.engine.transaction.jta.platform.internal.NoJtaPlatform]
2022-12-12 16:09:42.508  INFO 4628 --- [    Test worker] j.LocalContainerEntityManagerFactoryBean : Initialized JPA EntityManagerFactory for persistence unit 'default'
2022-12-12 16:09:42.614  WARN 4628 --- [    Test worker] JpaBaseConfiguration$JpaWebConfiguration : spring.jpa.open-in-view is enabled by default. Therefore, database queries may be performed during view rendering. Explicitly configure spring.jpa.open-in-view to disable this warning
2022-12-12 16:09:42.829  INFO 4628 --- [    Test worker] o.s.s.concurrent.ThreadPoolTaskExecutor  : Initializing ExecutorService 'applicationTaskExecutor'
2022-12-12 16:09:42.847  INFO 4628 --- [    Test worker] o.s.b.a.h2.H2ConsoleAutoConfiguration    : H2 console available at '/h2-console'. Database available at 'jdbc:h2:mem:myDb'
2022-12-12 16:09:43.144  INFO 4628 --- [    Test worker] o.s.s.web.DefaultSecurityFilterChain     : Creating filter chain: any request, [org.springframework.security.web.context.request.async.WebAsyncManagerIntegrationFilter@cb29b75, org.springframework.security.web.context.SecurityContextPersistenceFilter@36361951, org.springframework.security.web.header.HeaderWriterFilter@33903444, org.springframework.security.web.authentication.logout.LogoutFilter@3c380db5, org.springframework.security.web.savedrequest.RequestCacheAwareFilter@24c8bc1e, org.springframework.security.web.servletapi.SecurityContextHolderAwareRequestFilter@16488ed7, org.springframework.security.web.authentication.AnonymousAuthenticationFilter@68226b59, org.springframework.security.web.session.SessionManagementFilter@6149adee, org.springframework.security.web.access.ExceptionTranslationFilter@592efd6, org.springframework.security.web.access.intercept.FilterSecurityInterceptor@5a66fc27]
2022-12-12 16:09:43.189  INFO 4628 --- [    Test worker] n.t.s.t.a.d.u.RegistrationServiceTests   : Started RegistrationServiceTests in 1.196 seconds (JVM running for 12.125)
Account (SomeUser) was created.
2022-12-12 16:09:43.210  INFO 4628 --- [    Test worker] o.s.s.concurrent.ThreadPoolTaskExecutor  : Shutting down ExecutorService 'applicationTaskExecutor'
2022-12-12 16:09:43.211  INFO 4628 --- [    Test worker] j.LocalContainerEntityManagerFactoryBean : Closing JPA EntityManagerFactory for persistence unit 'default'
2022-12-12 16:09:43.211  INFO 4628 --- [    Test worker] .SchemaDropperImpl$DelayedDropActionImpl : HHH000477: Starting delayed evictData of schema as part of SessionFactory shut-down'

  .   ____          _            __ _ _
 /\\ / ___'_ __ _ _(_)_ __  __ _ \ \ \ \
( ( )\___ | '_ | '_| | '_ \/ _` | \ \ \ \
 \\/  ___)| |_)| | | | | || (_| |  ) ) ) )
  '  |____| .__|_| |_|_| |_\__, | / / / /
 =========|_|==============|___/=/_/_/_/
 :: Spring Boot ::        (v2.3.5.RELEASE)

2022-12-12 16:09:43.290  INFO 4628 --- [    Test worker] n.t.s.t.a.d.u.RegistrationServiceTests   : Starting RegistrationServiceTests on DESKTOP-02MT1RU with PID 4628 (started by Mihai Apolzan in C:\tudelft\SEM\Rowing-Project\FinalVersion\SEM34c\authentication-microservice)
2022-12-12 16:09:43.290  INFO 4628 --- [    Test worker] n.t.s.t.a.d.u.RegistrationServiceTests   : The following profiles are active: mockPasswordEncoder,test
2022-12-12 16:09:43.474  INFO 4628 --- [    Test worker] .s.d.r.c.RepositoryConfigurationDelegate : Bootstrapping Spring Data JPA repositories in DEFAULT mode.
2022-12-12 16:09:43.497  INFO 4628 --- [    Test worker] .s.d.r.c.RepositoryConfigurationDelegate : Finished Spring Data repository scanning in 22ms. Found 1 JPA repository interfaces.
2022-12-12 16:09:43.661  INFO 4628 --- [    Test worker] o.hibernate.jpa.internal.util.LogHelper  : HHH000204: Processing PersistenceUnitInfo [name: default]
2022-12-12 16:09:43.675  INFO 4628 --- [    Test worker] org.hibernate.dialect.Dialect            : HHH000400: Using dialect: org.hibernate.dialect.H2Dialect
2022-12-12 16:09:43.707  INFO 4628 --- [    Test worker] o.h.e.t.j.p.i.JtaPlatformInitiator       : HHH000490: Using JtaPlatform implementation: [org.hibernate.engine.transaction.jta.platform.internal.NoJtaPlatform]
2022-12-12 16:09:43.708  INFO 4628 --- [    Test worker] j.LocalContainerEntityManagerFactoryBean : Initialized JPA EntityManagerFactory for persistence unit 'default'
2022-12-12 16:09:43.807  WARN 4628 --- [    Test worker] JpaBaseConfiguration$JpaWebConfiguration : spring.jpa.open-in-view is enabled by default. Therefore, database queries may be performed during view rendering. Explicitly configure spring.jpa.open-in-view to disable this warning
2022-12-12 16:09:44.003  INFO 4628 --- [    Test worker] o.s.s.concurrent.ThreadPoolTaskExecutor  : Initializing ExecutorService 'applicationTaskExecutor'
2022-12-12 16:09:44.023  INFO 4628 --- [    Test worker] o.s.b.a.h2.H2ConsoleAutoConfiguration    : H2 console available at '/h2-console'. Database available at 'jdbc:h2:mem:myDb'
2022-12-12 16:09:44.359  INFO 4628 --- [    Test worker] o.s.s.web.DefaultSecurityFilterChain     : Creating filter chain: any request, [org.springframework.security.web.context.request.async.WebAsyncManagerIntegrationFilter@1847da64, org.springframework.security.web.context.SecurityContextPersistenceFilter@27828021, org.springframework.security.web.header.HeaderWriterFilter@4e9b66ab, org.springframework.security.web.authentication.logout.LogoutFilter@6e18bc2f, org.springframework.security.web.savedrequest.RequestCacheAwareFilter@42a08547, org.springframework.security.web.servletapi.SecurityContextHolderAwareRequestFilter@579b1d86, org.springframework.security.web.authentication.AnonymousAuthenticationFilter@5967492a, org.springframework.security.web.session.SessionManagementFilter@532b3244, org.springframework.security.web.access.ExceptionTranslationFilter@4b75d640, org.springframework.security.web.access.intercept.FilterSecurityInterceptor@142f0ac1]
2022-12-12 16:09:44.410  INFO 4628 --- [    Test worker] n.t.s.t.a.d.u.RegistrationServiceTests   : Started RegistrationServiceTests in 1.196 seconds (JVM running for 13.346)
Account (SomeUser) was created.
]]></system-out>
  <system-err><![CDATA[]]></system-err>
</testsuite>
