<?xml version="1.0" encoding="UTF-8"?>
<testsuite name="nl.tudelft.sem.template.example.authentication.JwtTokenVerifierTests" tests="5" skipped="0" failures="0" errors="0" timestamp="2022-12-13T10:32:36" hostname="DESKTOP-02MT1RU" time="0.306">
  <properties/>
  <testcase name="validateExpiredToken()" classname="nl.tudelft.sem.template.example.authentication.JwtTokenVerifierTests" time="0.296"/>
  <testcase name="parseNetid()" classname="nl.tudelft.sem.template.example.authentication.JwtTokenVerifierTests" time="0.003"/>
  <testcase name="validateTokenIncorrectSignature()" classname="nl.tudelft.sem.template.example.authentication.JwtTokenVerifierTests" time="0.001"/>
  <testcase name="validateNonExpiredToken()" classname="nl.tudelft.sem.template.example.authentication.JwtTokenVerifierTests" time="0.002"/>
  <testcase name="validateMalformedToken()" classname="nl.tudelft.sem.template.example.authentication.JwtTokenVerifierTests" time="0.001"/>
  <system-out><![CDATA[]]></system-out>
  <system-err><![CDATA[]]></system-err>
</testsuite>
